# ls -l
total 12
-rw-------. 1 root root  136 Feb 26 10:36 test.c
-rw-------. 1 root root 8192 Feb 26 10:35 typescript
# cat test.c
#include <stdio.h>

int main(void) {
    int add1 = 3;
    printf("Hello, World!/n");
    printf("1 + 2 = %d/n", add1);
    return 0;
}
# file test.c
test.c: C source, ASCII text

----------

# gcc -o test.i -E test.c
# ls -l
total 36
-rw-------. 1 root root   136 Feb 26 10:36 test.c
-rw-------. 1 root root 18100 Feb 26 10:37 test.i
-rw-------. 1 root root 12288 Feb 26 10:37 typescript
# file test.i
test.i: C source, ASCII text
# cat test.i
# 1 "test.c"
# 1 "<built-in>"
# 1 "<command-line>"
# 31 "<command-line>"
# 1 "/usr/include/stdc-predef.h" 1 3 4
# 32 "<command-line>" 2
# 1 "test.c"
# 1 "/usr/include/stdio.h" 1 3 4
# 27 "/usr/include/stdio.h" 3 4

[...]

typedef unsigned char __u_char;
typedef unsigned short int __u_short;
typedef unsigned int __u_int;
typedef unsigned long int __u_long;

[...]

extern void funlockfile (FILE *__stream) __attribute__ ((__nothrow__ , __leaf__));
# 868 "/usr/include/stdio.h" 3 4

# 2 "test.c" 2


# 3 "test.c"
int main(void) {
    int add1 = 3;
    printf("Hello, World!/n");
    printf("1 + 2 = %d/n", add1);
    return 0;
}

----------

# gcc -S test.i
# ls -l
total 60
-rw-------. 1 root root   136 Feb 26 10:36 test.c
-rw-------. 1 root root 18100 Feb 26 10:37 test.i
-rw-------. 1 root root   548 Feb 26 10:39 test.s
-rw-------. 1 root root 32768 Feb 26 10:38 typescript
# file test.s
test.s: assembler source, ASCII text
# cat test.s
        .arch armv8-a
        .file   "test.c"
        .text
        .section        .rodata
        .align  3
.LC0:
        .string "Hello, World!/n"
        .align  3
.LC1:
        .string "1 + 2 = %d/n"
        .text
        .align  2
        .global main
        .type   main, %function
main:
        stp     x29, x30, [sp, -32]!
        add     x29, sp, 0
        mov     w0, 3
        str     w0, [x29, 28]
        adrp    x0, .LC0
        add     x0, x0, :lo12:.LC0
        bl      printf
        adrp    x0, .LC1
        add     x0, x0, :lo12:.LC1
        ldr     w1, [x29, 28]
        bl      printf
        mov     w0, 0
        ldp     x29, x30, [sp], 32
        ret
        .size   main, .-main
        .ident  "GCC: (Ubuntu/Linaro 7.3.0-27ubuntu1~18.04) 7.3.0"
        .section        .note.GNU-stack,"",@progbits

----------

# gcc -c test.s
# ls -l
total 64
-rw-------. 1 root root   136 Feb 26 10:36 test.c
-rw-------. 1 root root 18100 Feb 26 10:37 test.i
-rw-------. 1 root root  1456 Feb 26 10:40 test.o
-rw-------. 1 root root   548 Feb 26 10:39 test.s
-rw-------. 1 root root 32768 Feb 26 10:38 typescript
# file test.o
test.o: ELF 64-bit LSB relocatable, ARM aarch64, version 1 (SYSV), not stripped
# nm test.o
0000000000000000 T main
                 U printf
# objdump -x test.o

test.o:     file format elf64-littleaarch64
test.o
architecture: aarch64, flags 0x00000011:
HAS_RELOC, HAS_SYMS
start address 0x0000000000000000
private flags = 0:

Sections:
Idx Name          Size      VMA               LMA               File off  Algn
  0 .text         00000038  0000000000000000  0000000000000000  00000040  2**2
                  CONTENTS, ALLOC, LOAD, RELOC, READONLY, CODE
  1 .data         00000000  0000000000000000  0000000000000000  00000078  2**0
                  CONTENTS, ALLOC, LOAD, DATA
  2 .bss          00000000  0000000000000000  0000000000000000  00000078  2**0
                  ALLOC
  3 .rodata       0000001d  0000000000000000  0000000000000000  00000078  2**3
                  CONTENTS, ALLOC, LOAD, READONLY, DATA
  4 .comment      00000032  0000000000000000  0000000000000000  00000095  2**0
                  CONTENTS, READONLY
  5 .note.GNU-stack 00000000  0000000000000000  0000000000000000  000000c7  2**0
                  CONTENTS, READONLY
SYMBOL TABLE:
0000000000000000 l    df *ABS*  0000000000000000 test.c
0000000000000000 l    d  .text  0000000000000000 .text
0000000000000000 l    d  .data  0000000000000000 .data
0000000000000000 l    d  .bss   0000000000000000 .bss
0000000000000000 l    d  .rodata        0000000000000000 .rodata
0000000000000000 l    d  .note.GNU-stack        0000000000000000 .note.GNU-stack
0000000000000000 l    d  .comment       0000000000000000 .comment
0000000000000000 g     F .text  0000000000000038 main
0000000000000000         *UND*  0000000000000000 printf


RELOCATION RECORDS FOR [.text]:
OFFSET           TYPE              VALUE
0000000000000010 R_AARCH64_ADR_PREL_PG_HI21  .rodata
0000000000000014 R_AARCH64_ADD_ABS_LO12_NC  .rodata
0000000000000018 R_AARCH64_CALL26  printf
000000000000001c R_AARCH64_ADR_PREL_PG_HI21  .rodata+0x0000000000000010
0000000000000020 R_AARCH64_ADD_ABS_LO12_NC  .rodata+0x0000000000000010
0000000000000028 R_AARCH64_CALL26  printf

----------

# gcc -static -o test test.o
# ls -l
total 608
-rwx------. 1 root root 550656 Feb 26 10:42 test
-rw-------. 1 root root    136 Feb 26 10:36 test.c
-rw-------. 1 root root  18100 Feb 26 10:37 test.i
-rw-------. 1 root root   1456 Feb 26 10:40 test.o
-rw-------. 1 root root    548 Feb 26 10:39 test.s
-rw-------. 1 root root  36864 Feb 26 10:41 typescript
# file test
test: ELF 64-bit LSB executable, ARM aarch64, version 1 (GNU/Linux), statically linked, for GNU/Linux 3.7.0, BuildID[sha1]=3b7f9135179eb82c8dc830fac5c03d9c4a5e6412, not stripped
# ./test
Hello, World!
1 + 2 = 3
# objdump -x test

test:     file format elf64-littleaarch64
test
architecture: aarch64, flags 0x00000112:
EXEC_P, HAS_SYMS, D_PAGED
start address 0x00000000004002b4

Program Header:
    LOAD off    0x0000000000000000 vaddr 0x0000000000400000 paddr 0x0000000000400000 align 2**16
         filesz 0x000000000006d6ab memsz 0x000000000006d6ab flags r-x
    LOAD off    0x000000000006da00 vaddr 0x000000000047da00 paddr 0x000000000047da00 align 2**16
         filesz 0x0000000000002018 memsz 0x0000000000003628 flags rw-
    NOTE off    0x0000000000000190 vaddr 0x0000000000400190 paddr 0x0000000000400190 align 2**2
         filesz 0x0000000000000044 memsz 0x0000000000000044 flags r--
     TLS off    0x000000000006da00 vaddr 0x000000000047da00 paddr 0x000000000047da00 align 2**3
         filesz 0x0000000000000020 memsz 0x0000000000000060 flags r--
   STACK off    0x0000000000000000 vaddr 0x0000000000000000 paddr 0x0000000000000000 align 2**4
         filesz 0x0000000000000000 memsz 0x0000000000000000 flags rw-
   RELRO off    0x000000000006da00 vaddr 0x000000000047da00 paddr 0x000000000047da00 align 2**0
         filesz 0x0000000000000600 memsz 0x0000000000000600 flags r--
private flags = 0:

Sections:
Idx Name          Size      VMA               LMA               File off  Algn
  0 .note.ABI-tag 00000020  0000000000400190  0000000000400190  00000190  2**2
                  CONTENTS, ALLOC, LOAD, READONLY, DATA

[...]

SYMBOL TABLE:
0000000000400190 l    d  .note.ABI-tag  0000000000000000 .note.ABI-tag
00000000004001b0 l    d  .note.gnu.build-id     0000000000000000 .note.gnu.build-id
00000000004001d8 l    d  .rela.plt      0000000000000000 .rela.plt

[...]

# strip test
# ldd test
        not a dynamic executable
# ls -l
total 1208
-rwx------. 1 root root 550656 Feb 26 10:47 a.out
-rwx------. 1 root root 463672 Feb 26 10:48 test
-rw-------. 1 root root    135 Feb 26 10:47 test.c
-rw-------. 1 root root  18100 Feb 26 10:37 test.i
-rw-------. 1 root root   1456 Feb 26 10:40 test.o
-rw-------. 1 root root    548 Feb 26 10:39 test.s
-rw-------. 1 root root 184320 Feb 26 10:48 typescript
# nm test
nm: test: no symbols

----------

# gcc -o test test.c
# ls -l
total 824
-rwx------. 1 root root 550656 Feb 26 10:47 a.out
-rwx------. 1 root root   9064 Feb 26 10:50 test
-rw-------. 1 root root    135 Feb 26 10:47 test.c
-rw-------. 1 root root  18100 Feb 26 10:37 test.i
-rw-------. 1 root root   1456 Feb 26 10:40 test.o
-rw-------. 1 root root    548 Feb 26 10:39 test.s
-rw-------. 1 root root 245760 Feb 26 10:50 typescript
# file test
test: ELF 64-bit LSB shared object, ARM aarch64, version 1 (SYSV), dynamically linked, interpreter /lib/ld-linux-aarch64.so.1, for GNU/Linux 3.7.0, BuildID[sha1]=33ec0f461d5c15bb0b04e27b3ec73080be97532d, stripped
# ldd test
        linux-vdso.so.1 (0x0000007eb9213000)
        libc.so.6 => /lib/aarch64-linux-gnu/libc.so.6 (0x0000007eb90a2000)
        /lib/ld-linux-aarch64.so.1 (0x0000003000000000)

----------

# file /lib/aarch64-linux-gnu/libc.so.6
/lib/aarch64-linux-gnu/libc.so.6: symbolic link to libc-2.27.so
# file /lib/aarch64-linux-gnu/libc-2.27.so
/lib/aarch64-linux-gnu/libc-2.27.so: ELF 64-bit LSB shared object, ARM aarch64, version 1 (GNU/Linux), dynamically linked, interpreter /lib/ld-linux-aarch64.so.1, BuildID[sha1]=53f40c1d2f3739ae017dcdcef1a17314786e3709, for GNU/Linux 3.7.0, stripped